Qflow DRC logfile created on Thu 01 Jan 2026 23:54:57 AEST
magic -dnull -noconsole  /home/Amity/asic/first_chip/nibble_mem/layout/run_drc_nibble_mem.tcl

Magic 8.3 revision 105 - Compiled on Mon, 06 Dec 2021 22:32:27 +0200.
Starting magic under Tcl interpreter
Using the terminal as the console.
Using NULL graphics device.
Processing system .magicrc file
Input style lambda=0.20(p): scaleFactor=20, multiplier=1
Contact size value ignored (using GDS generation rules).
Contact size value ignored (using GDS generation rules).
Contact size value ignored (using GDS generation rules).
Contact size value ignored (using GDS generation rules).
Contact size value ignored (using GDS generation rules).
Contact size value ignored (using GDS generation rules).
4 Magic internal units = 1 Lambda
Loading "/home/Amity/asic/first_chip/nibble_mem/layout/run_drc_nibble_mem.tcl" from command line.
Reading LEF data from file /usr/share/qflow/tech/osu035/osu035_stdcells.lef.
This action cannot be undone.
LEF read, Line 16 (Message): Unknown keyword "OBS" in LEF file; ignoring.
LEF read, Line 17 (Message): Unknown keyword "PIN" in LEF file; ignoring.
LEF read: Processed 3179 lines.
Scaled magic input cell nibble_mem geometry by factor of 2
nibble_mem: 10000 rects
nibble_mem: 20000 rects
nibble_mem: 30000 rects
Processing timestamp mismatches: FILL, DFFSR, CLKBUF1, BUFX2, INVX1, NOR2X1, BUFX4, MUX2X1, AOI21X1, INVX8, NAND3X1, NOR3X1, NAND2X1, OAI21X1, AOI22X1, OAI22X1, AND2X2, OR2X2, INVX2, INVX4.
drc = 0
DRC checking script ended on Thu 01 Jan 2026 23:55:02 AEST
