Qflow placement logfile created on Thu 01 Jan 2026 23:52:27 AEST
Running blif2cel to generate input files for graywolf
blif2cel.tcl --blif /home/Amity/asic/first_chip/nibble_mem/synthesis/nibble_mem.blif  --lef  /usr/share/qflow/tech/osu035/osu035_stdcells.lef --cel /home/Amity/asic/first_chip/nibble_mem/layout/nibble_mem.cel 
Opened BLIF file (/home/Amity/asic/first_chip/nibble_mem/synthesis/nibble_mem.blif) for reading ...
Opened CEL file (/home/Amity/asic/first_chip/nibble_mem/layout/nibble_mem.cel) for writing...
Loaded /usr/share/qflow/tech/osu035/osu035_stdcells.lef file for reading...
1st pass of blif file /home/Amity/asic/first_chip/nibble_mem/synthesis/nibble_mem.blif. . .
Reading macros and/or technology data from LEF file. . .
LEF file specifies route layer Y pitch as 2
LEF file specifies route layer X pitch as 1.6
Parsing macro AND2X2
Parsing macro AOI21X1
Parsing macro AOI22X1
Parsing macro BUFX2
Parsing macro BUFX4
Parsing macro NOR3X1
Parsing macro INVX1
Parsing macro INVX2
Parsing macro INVX4
Parsing macro INVX8
Parsing macro NAND2X1
Parsing macro NAND3X1
Parsing macro NOR2X1
Parsing macro OAI21X1
Parsing macro OAI22X1
Parsing macro OR2X2
Parsing macro MUX2X1
Parsing macro DFFSR
Parsing macro CLKBUF1
2nd pass of blif file. . .
3rd pass of blif file. . .
Done!
No nibble_mem.cel1 file found for project. . . no partial blockages to apply to layout.
Running decongest to set initial density of 0.2
decongest.tcl nibble_mem  /usr/share/qflow/tech/osu035/osu035_stdcells.lef FILL 0.2 --units=100
Reading FILL {} {} macros from LEF file.

decongest.tcl:
Fixed density planning, density = 0.2
Number of cells = 1552, total width = 1800160
Width of fill = 7200640
Width of decap = 0
Width of antenna  = 0

Done!
Preparing pin placement hints from nibble_mem.cel2
Running GrayWolf placement
graywolf  nibble_mem
ERROR[TWgetfont]:font:9x15 not available - using default:fixed

twflow version:2.1 date:Mon May 25 21:15:08 EDT 1992
Authors: Bill Swartz, Carl Sechen
         Yale University

syntax version:v1.1 date:Mon May 25 21:11:10 EDT 1992
TimberWolf System Syntax Checker
Authors: Carl Sechen, Kai-Win Lee, Bill Swartz,
         Dahe Chen, and Jimmy Lam
         Yale University

Read   50 objects so far...
Read  100 objects so far...
Read  150 objects so far...
Read  200 objects so far...
Read  250 objects so far...
Read  300 objects so far...
Read  350 objects so far...
Read  400 objects so far...
Read  450 objects so far...
Read  500 objects so far...
Read  550 objects so far...
Read  600 objects so far...
Read  650 objects so far...
Read  700 objects so far...
Read  750 objects so far...
Read  800 objects so far...
Read  850 objects so far...
Read  900 objects so far...
Read  950 objects so far...
Read 1000 objects so far...
Read 1050 objects so far...
Read 1100 objects so far...
Read 1150 objects so far...
Read 1200 objects so far...
Read 1250 objects so far...
Read 1300 objects so far...
Read 1350 objects so far...
Read 1400 objects so far...
Read 1450 objects so far...
Read 1500 objects so far...
Read 1550 objects so far...
No syntax errors were found

syntax terminated normally with no errors and 0 warning[s]


----------------------------
Total stdcells     :1552
Total cell width   :9.00e+06
Total cell height  :3.10e+06
Total cell area    :1.80e+10
Total core area    :1.80e+10
Average cell height:2.00e+03


nocut - replacement for Mincut version:v1.0 date:Mon May 25 21:09:40 EDT 1992
TimberWolf System Floorplan Setup Program
Authors: Carl Sechen, Bill Swartz,
         Yale University

Read   50 objects so far...
Read  100 objects so far...
Read  150 objects so far...
Read  200 objects so far...
Read  250 objects so far...
Read  300 objects so far...
Read  350 objects so far...
Read  400 objects so far...
Read  450 objects so far...
Read  500 objects so far...
Read  550 objects so far...
Read  600 objects so far...
Read  650 objects so far...
Read  700 objects so far...
Read  750 objects so far...
Read  800 objects so far...
Read  850 objects so far...
Read  900 objects so far...
Read  950 objects so far...
Read 1000 objects so far...
Read 1050 objects so far...
Read 1100 objects so far...
Read 1150 objects so far...
Read 1200 objects so far...
Read 1250 objects so far...
Read 1300 objects so far...
Read 1350 objects so far...
Read 1400 objects so far...
Read 1450 objects so far...
Read 1500 objects so far...
Read 1550 objects so far...
Splitting nibble_mem.cel into nibble_mem.scel and nibble_mem.mcel...
	done!


nocut - replacement for Mincut terminated normally with no errors and 0 warning[s]


TimberWolfMC version:v2.2 date:Mon May 25 21:18:34 EDT 1992
Authors: Carl Sechen, Bill Swartz, Kai-Win Lee
         Dahe Chen, and Jimmy Lam
         Yale University
ERROR[TWgetfont]:font:9x15 not available - using default:fixed
ERROR[TWgetfont]:font:9x15 not available - using default:fixed

config version:v1.0 date:Mon May 25 20:57:18 EDT 1992
Row configuration program
    Yale University


config switches:
	Graphics mode on
	config will inherit window



config terminated abnormally with 1 error[s] and 0 warning[s]


TimberWolfMC terminated abnormally with 1 error[s] and 0 warning[s]

ERROR[TWgetfont]:font:9x15 not available - using default:fixed
WARNING[findcost]:Net <vdd> has 275 pins


TimberWolfSC switches:
	Graphics mode on
	TimberWolfSC will inherit window

TimberWolfSC version:v6.0 date:Mon May 25 21:19:07 EDT 1992
Row-Based Placement and Global Routing Program
Authors: Carl Sechen, Kai-Win Lee, and Bill Swartz,
         Yale University
  0 
  1   2   3   4   5   6   7   8   9  10  11  12  13  14  15 
 16  17  18  19  20  21  22  23  24  25  26  27  28  29  30 
 31  32  33  34  35  36  37  38  39  40  41  42  43  44  45 
 46  47  48  49  50  51  52  53  54  55  56  57  58  59  60 
 61  62  63  64  65  66  67  68  69  70  71  72  73  74  75 
 76  77  78  79  80  81  82  83  84  85  86  87  88  89  90 
 91  92  93  94  95  96  97  98  99 100 101 102 103 104 105 
106 107 108 109 110 111 112 113 114 115 116 117 118 119 120 
121 122 123 124 125 126 127 128 129 130 131 132 133 134 135 
136 137 138 139 140 141 142 143 144 145 146 147 148 149 150 
151 152 153 154 155 156 157 158 
 block left edge is at -399
 the longest block length is 136000
 building the steiner trees
 rebuilding the steiner tree

----start doing coarse global routing ------ 
 ITERATION  1
 ITERATION  2
 ITERATION  3
 ITERATION  4
 ITERATION  5
 ITERATION  6
 ITERATION  7
 ITERATION  8
 ITERATION  9
 ITERATION 10

  longest Row is:29   Its length is:164960
 doing feed-through pins assignment
 building the net-tree now !
 set up the global routing grids
 the starting value of tracks = 1928
 tracks = 1899 at attempts =  1000
 tracks = 1892 at attempts =  2000
 tracks = 1887 at attempts =  3000
 tracks = 1884 at attempts =  4000
 tracks = 1883 at attempts =  5000
 tracks = 1882 at attempts =  6000
 tracks = 1881 at attempts =  7000
 tracks = 1881 at attempts =  8000
 tracks = 1881 at attempts =  9000
 tracks = 1881 at attempts = 10000
 tracks = 1881 at attempts = 11000
 tracks = 1881 at attempts = 12000
 tracks = 1881 at attempts = 13000
 tracks = 1881 at attempts = 14000
 tracks = 1881 at attempts = 15000
 tracks = 1881 at attempts = 16000
 tracks = 1881 at attempts = 17000
 tracks = 1881 at attempts = 18000
 tracks = 1881 at attempts = 19000
 tracks = 1881 at attempts = 20000
 tracks = 1881 at attempts = 21000
 tracks = 1881 at attempts = 22000
 tracks = 1881 at attempts = 23000
 tracks = 1881 at attempts = 24000
 tracks = 1881 at attempts = 25000
 tracks = 1881 at attempts = 26000
 tracks = 1881 at attempts = 27000
 tracks = 1881 at attempts = 28000
 tracks = 1881 at attempts = 29000
 tracks = 1881 at attempts = 30000
 tracks = 1881 at attempts = 31000
 tracks = 1881 at attempts = 32000
 tracks = 1881 at attempts = 33000
 tracks = 1881 at attempts = 34000
 tracks = 1881 at attempts = 35000
 tracks = 1881 at attempts = 36000
 tracks = 1881 at attempts = 37000
 tracks = 1881 at attempts = 38000
 tracks = 1881 at attempts = 39000
 removing redundant feed-through pins
 the connectivity of all the nets is verified

 block left edge is at -399
 the longest block length is 136000
 building the steiner trees
 rebuilding the steiner tree

----start doing coarse global routing ------ 
 ITERATION  1
 ITERATION  2
 ITERATION  3
 ITERATION  4
 ITERATION  5
 ITERATION  6
 ITERATION  7
 ITERATION  8
 ITERATION  9
 ITERATION 10
 ITERATION 11
 ITERATION 12

  longest Row is:39   Its length is:165440
 doing feed-through pins assignment
 building the net-tree now !
 set up the global routing grids
 the starting value of tracks = 1913
 tracks = 1880 at attempts =  1000
 tracks = 1869 at attempts =  2000
 tracks = 1865 at attempts =  3000
 tracks = 1864 at attempts =  4000
 tracks = 1863 at attempts =  5000
 tracks = 1862 at attempts =  6000
 tracks = 1862 at attempts =  7000
 tracks = 1862 at attempts =  8000
 tracks = 1862 at attempts =  9000
 tracks = 1862 at attempts = 10000
 tracks = 1862 at attempts = 11000
 tracks = 1862 at attempts = 12000
 tracks = 1862 at attempts = 13000
 tracks = 1862 at attempts = 14000
 tracks = 1862 at attempts = 15000
 tracks = 1862 at attempts = 16000
 tracks = 1862 at attempts = 17000
 tracks = 1862 at attempts = 18000
 tracks = 1862 at attempts = 19000
 tracks = 1862 at attempts = 20000
 tracks = 1862 at attempts = 21000
 tracks = 1862 at attempts = 22000
 tracks = 1862 at attempts = 23000
 tracks = 1862 at attempts = 24000
 tracks = 1862 at attempts = 25000
 tracks = 1862 at attempts = 26000
 tracks = 1862 at attempts = 27000
 tracks = 1862 at attempts = 28000
 tracks = 1862 at attempts = 29000
 tracks = 1862 at attempts = 30000
 tracks = 1862 at attempts = 31000
 tracks = 1862 at attempts = 32000
 tracks = 1862 at attempts = 33000
 tracks = 1862 at attempts = 34000
 tracks = 1862 at attempts = 35000
 tracks = 1862 at attempts = 36000
 tracks = 1862 at attempts = 37000
 tracks = 1862 at attempts = 38000
 tracks = 1862 at attempts = 39000
 removing redundant feed-through pins
 the connectivity of all the nets is verified

 block left edge is at -399
 the longest block length is 136000
 building the steiner trees
 rebuilding the steiner tree

----start doing coarse global routing ------ 
 ITERATION  1
 ITERATION  2
 ITERATION  3
 ITERATION  4
 ITERATION  5
 ITERATION  6
 ITERATION  7
 ITERATION  8
 ITERATION  9
 ITERATION 10
 ITERATION 11

  longest Row is:39   Its length is:165440
 doing feed-through pins assignment
 building the net-tree now !
 set up the global routing grids
 the starting value of tracks = 1961
 tracks = 1934 at attempts =  1000
 tracks = 1924 at attempts =  2000
 tracks = 1917 at attempts =  3000
 tracks = 1911 at attempts =  4000
 tracks = 1911 at attempts =  5000
 tracks = 1909 at attempts =  6000
 tracks = 1908 at attempts =  7000
 tracks = 1906 at attempts =  8000
 tracks = 1906 at attempts =  9000
 tracks = 1906 at attempts = 10000
 tracks = 1905 at attempts = 11000
 tracks = 1904 at attempts = 12000
 tracks = 1900 at attempts = 13000
 tracks = 1900 at attempts = 14000
 tracks = 1900 at attempts = 15000
 tracks = 1899 at attempts = 16000
 tracks = 1899 at attempts = 17000
 tracks = 1899 at attempts = 18000
 tracks = 1897 at attempts = 19000
 tracks = 1895 at attempts = 20000
 tracks = 1895 at attempts = 21000
 tracks = 1893 at attempts = 22000
 tracks = 1892 at attempts = 23000
 tracks = 1892 at attempts = 24000
 tracks = 1889 at attempts = 25000
 tracks = 1887 at attempts = 26000
 tracks = 1887 at attempts = 27000
 tracks = 1885 at attempts = 28000
 tracks = 1884 at attempts = 29000
 tracks = 1883 at attempts = 30000
 tracks = 1883 at attempts = 31000
 tracks = 1883 at attempts = 32000
 tracks = 1883 at attempts = 33000
 tracks = 1883 at attempts = 34000
 tracks = 1883 at attempts = 35000
 tracks = 1883 at attempts = 36000
 tracks = 1883 at attempts = 37000
 tracks = 1883 at attempts = 38000
 tracks = 1883 at attempts = 39000
 removing redundant feed-through pins
 the connectivity of all the nets is verified

 block left edge is at -399
 the longest block length is 136000
 building the steiner trees
 rebuilding the steiner tree

----start doing coarse global routing ------ 
 ITERATION  1
 ITERATION  2

  longest Row is:29   Its length is:161120
 doing feed-through pins assignment
 building the net-tree now !
 set up the global routing grids
 the starting value of tracks = 1799
 tracks = 1799 at attempts =  1000
 tracks = 1798 at attempts =  2000
 tracks = 1798 at attempts =  3000
 tracks = 1797 at attempts =  4000
 tracks = 1797 at attempts =  5000
 tracks = 1797 at attempts =  6000
 tracks = 1797 at attempts =  7000
 tracks = 1797 at attempts =  8000
 tracks = 1797 at attempts =  9000
 tracks = 1797 at attempts = 10000
 tracks = 1797 at attempts = 11000
 tracks = 1797 at attempts = 12000
 tracks = 1797 at attempts = 13000
 tracks = 1797 at attempts = 14000
 tracks = 1797 at attempts = 15000
 tracks = 1797 at attempts = 16000
 tracks = 1797 at attempts = 17000
 tracks = 1797 at attempts = 18000
 tracks = 1797 at attempts = 19000
 tracks = 1797 at attempts = 20000
 tracks = 1797 at attempts = 21000
 tracks = 1797 at attempts = 22000
 tracks = 1797 at attempts = 23000
 tracks = 1797 at attempts = 24000
 tracks = 1797 at attempts = 25000
 tracks = 1797 at attempts = 26000
 tracks = 1797 at attempts = 27000
 tracks = 1797 at attempts = 28000
 tracks = 1797 at attempts = 29000
 tracks = 1797 at attempts = 30000
 tracks = 1797 at attempts = 31000
 tracks = 1797 at attempts = 32000
 tracks = 1797 at attempts = 33000
 tracks = 1797 at attempts = 34000
 tracks = 1797 at attempts = 35000
 tracks = 1797 at attempts = 36000
 tracks = 1797 at attempts = 37000
 tracks = 1797 at attempts = 38000
 tracks = 1797 at attempts = 39000
 removing redundant feed-through pins
 the connectivity of all the nets is verified

 block left edge is at -399
 the longest block length is 136000
 building the steiner trees
 rebuilding the steiner tree

----start doing coarse global routing ------ 
 ITERATION  1
 ITERATION  2
 ITERATION  3
 ITERATION  4
 ITERATION  5
 ITERATION  6
 ITERATION  7
 ITERATION  8
 ITERATION  9
 ITERATION 10
 ITERATION 11
 ITERATION 12
 ITERATION 13
 ITERATION 14
 ITERATION 15
 ITERATION 16

  longest Row is:39   Its length is:165440
 doing feed-through pins assignment
 building the net-tree now !
 set up the global routing grids
 the starting value of tracks = 1881
 tracks = 1852 at attempts =  1000
 tracks = 1846 at attempts =  2000
 tracks = 1843 at attempts =  3000
 tracks = 1842 at attempts =  4000
 tracks = 1840 at attempts =  5000
 tracks = 1838 at attempts =  6000
 tracks = 1836 at attempts =  7000
 tracks = 1836 at attempts =  8000
 tracks = 1836 at attempts =  9000
 tracks = 1836 at attempts = 10000
 tracks = 1836 at attempts = 11000
 tracks = 1836 at attempts = 12000
 tracks = 1836 at attempts = 13000
 tracks = 1836 at attempts = 14000
 tracks = 1836 at attempts = 15000
 tracks = 1836 at attempts = 16000
 tracks = 1836 at attempts = 17000
 tracks = 1836 at attempts = 18000
 tracks = 1836 at attempts = 19000
 tracks = 1836 at attempts = 20000
 tracks = 1836 at attempts = 21000
 tracks = 1836 at attempts = 22000
 tracks = 1836 at attempts = 23000
 tracks = 1836 at attempts = 24000
 tracks = 1836 at attempts = 25000
 tracks = 1836 at attempts = 26000
 tracks = 1836 at attempts = 27000
 tracks = 1836 at attempts = 28000
 tracks = 1836 at attempts = 29000
 tracks = 1836 at attempts = 30000
 tracks = 1836 at attempts = 31000
 tracks = 1836 at attempts = 32000
 tracks = 1836 at attempts = 33000
 tracks = 1836 at attempts = 34000
 tracks = 1836 at attempts = 35000
 tracks = 1836 at attempts = 36000
 tracks = 1836 at attempts = 37000
 tracks = 1836 at attempts = 38000
 tracks = 1836 at attempts = 39000
 removing redundant feed-through pins
 the connectivity of all the nets is verified

 block left edge is at -399
 the longest block length is 136000
 building the steiner trees
 rebuilding the steiner tree

----start doing coarse global routing ------ 
 ITERATION  1
 ITERATION  2
 ITERATION  3
 ITERATION  4
 ITERATION  5
 ITERATION  6
 ITERATION  7
 ITERATION  8
 ITERATION  9
 ITERATION 10
 ITERATION 11
 ITERATION 12

  longest Row is:39   Its length is:165440
 doing feed-through pins assignment
 building the net-tree now !
 set up the global routing grids
 the starting value of tracks = 1905
 tracks = 1884 at attempts =  1000
 tracks = 1872 at attempts =  2000
 tracks = 1868 at attempts =  3000
 tracks = 1868 at attempts =  4000
 tracks = 1866 at attempts =  5000
 tracks = 1865 at attempts =  6000
 tracks = 1854 at attempts =  7000
 tracks = 1853 at attempts =  8000
 tracks = 1853 at attempts =  9000
 tracks = 1853 at attempts = 10000
 tracks = 1853 at attempts = 11000
 tracks = 1853 at attempts = 12000
 tracks = 1853 at attempts = 13000
 tracks = 1853 at attempts = 14000
 tracks = 1853 at attempts = 15000
 tracks = 1853 at attempts = 16000
 tracks = 1853 at attempts = 17000
 tracks = 1853 at attempts = 18000
 tracks = 1853 at attempts = 19000
 tracks = 1853 at attempts = 20000
 tracks = 1853 at attempts = 21000
 tracks = 1853 at attempts = 22000
 tracks = 1853 at attempts = 23000
 tracks = 1853 at attempts = 24000
 tracks = 1853 at attempts = 25000
 tracks = 1853 at attempts = 26000
 tracks = 1853 at attempts = 27000
 tracks = 1853 at attempts = 28000
 tracks = 1853 at attempts = 29000
 tracks = 1853 at attempts = 30000
 tracks = 1853 at attempts = 31000
 tracks = 1853 at attempts = 32000
 tracks = 1853 at attempts = 33000
 tracks = 1853 at attempts = 34000
 tracks = 1853 at attempts = 35000
 tracks = 1853 at attempts = 36000
 tracks = 1853 at attempts = 37000
 tracks = 1853 at attempts = 38000
 tracks = 1853 at attempts = 39000
 removing redundant feed-through pins
 the connectivity of all the nets is verified

 block left edge is at -399
 the longest block length is 136000
 building the steiner trees
 rebuilding the steiner tree

----start doing coarse global routing ------ 
 ITERATION  1
 ITERATION  2
 ITERATION  3
 ITERATION  4
 ITERATION  5
 ITERATION  6
 ITERATION  7
 ITERATION  8
 ITERATION  9
 ITERATION 10
 ITERATION 11
 ITERATION 12

  longest Row is:29   Its length is:165440
 doing feed-through pins assignment
 building the net-tree now !
 set up the global routing grids
 the starting value of tracks = 1942
 tracks = 1925 at attempts =  1000
 tracks = 1909 at attempts =  2000
 tracks = 1903 at attempts =  3000
 tracks = 1897 at attempts =  4000
 tracks = 1892 at attempts =  5000
 tracks = 1892 at attempts =  6000
 tracks = 1892 at attempts =  7000
 tracks = 1892 at attempts =  8000
 tracks = 1892 at attempts =  9000
 tracks = 1892 at attempts = 10000
 tracks = 1892 at attempts = 11000
 tracks = 1892 at attempts = 12000
 tracks = 1892 at attempts = 13000
 tracks = 1892 at attempts = 14000
 tracks = 1892 at attempts = 15000
 tracks = 1892 at attempts = 16000
 tracks = 1892 at attempts = 17000
 tracks = 1892 at attempts = 18000
 tracks = 1892 at attempts = 19000
 tracks = 1892 at attempts = 20000
 tracks = 1892 at attempts = 21000
 tracks = 1892 at attempts = 22000
 tracks = 1892 at attempts = 23000
 tracks = 1892 at attempts = 24000
 tracks = 1892 at attempts = 25000
 tracks = 1892 at attempts = 26000
 tracks = 1892 at attempts = 27000
 tracks = 1892 at attempts = 28000
 tracks = 1892 at attempts = 29000
 tracks = 1892 at attempts = 30000
 tracks = 1892 at attempts = 31000
 tracks = 1892 at attempts = 32000
 tracks = 1892 at attempts = 33000
 tracks = 1892 at attempts = 34000
 tracks = 1892 at attempts = 35000
 tracks = 1892 at attempts = 36000
 tracks = 1892 at attempts = 37000
 tracks = 1892 at attempts = 38000
 tracks = 1892 at attempts = 39000
 removing redundant feed-through pins
 the connectivity of all the nets is verified

 block left edge is at -399
 the longest block length is 136000
 building the steiner trees
 rebuilding the steiner tree

----start doing coarse global routing ------ 
 ITERATION  1
 ITERATION  2

  longest Row is:29   Its length is:161120
 doing feed-through pins assignment
 building the net-tree now !
 set up the global routing grids
 the starting value of tracks = 1753
 tracks = 1752 at attempts =  1000
 tracks = 1752 at attempts =  2000
 tracks = 1752 at attempts =  3000
 tracks = 1752 at attempts =  4000
 tracks = 1752 at attempts =  5000
 tracks = 1752 at attempts =  6000
 tracks = 1752 at attempts =  7000
 tracks = 1752 at attempts =  8000
 tracks = 1752 at attempts =  9000
 tracks = 1752 at attempts = 10000
 tracks = 1752 at attempts = 11000
 tracks = 1752 at attempts = 12000
 tracks = 1752 at attempts = 13000
 tracks = 1752 at attempts = 14000
 tracks = 1752 at attempts = 15000
 tracks = 1752 at attempts = 16000
 tracks = 1752 at attempts = 17000
 tracks = 1752 at attempts = 18000
 tracks = 1752 at attempts = 19000
 tracks = 1752 at attempts = 20000
 tracks = 1752 at attempts = 21000
 tracks = 1752 at attempts = 22000
 tracks = 1752 at attempts = 23000
 tracks = 1752 at attempts = 24000
 tracks = 1752 at attempts = 25000
 tracks = 1752 at attempts = 26000
 tracks = 1752 at attempts = 27000
 tracks = 1752 at attempts = 28000
 tracks = 1752 at attempts = 29000
 tracks = 1752 at attempts = 30000
 tracks = 1752 at attempts = 31000
 tracks = 1752 at attempts = 32000
 tracks = 1752 at attempts = 33000
 tracks = 1752 at attempts = 34000
 tracks = 1752 at attempts = 35000
 tracks = 1752 at attempts = 36000
 tracks = 1752 at attempts = 37000
 tracks = 1752 at attempts = 38000
 tracks = 1752 at attempts = 39000
 removing redundant feed-through pins
 the connectivity of all the nets is verified


***********************************************
*ACTUAL* FINAL NUMBER OF ROUTING TRACKS: 1752
***********************************************


TimberWolfSC terminated abnormally with 1 error[s] and 1 warning[s]


twflow terminated abnormally with 1 error[s] and 0 warning[s]

Running getfillcell to determine cell to use for fill.
getfillcell.tcl nibble_mem  /usr/share/qflow/tech/osu035/osu035_stdcells.lef FILL
Using cell FILL for fill
Running place2def to translate graywolf output to DEF format.
place2def.tcl nibble_mem FILL 
Running place2def.tcl
DEF database: 100 units per micron
Limits: xbot = -750.0 ybot = -200 xtop = 135150.0 ytop = 134130.0
Core values: 80.0 100 135280.0 134100
Offsets: 80.0 100
4 routing layers
metal1: 673 vertical tracks from 0um with 2um pitch
metal2: 852 vertical tracks from -3.2um with 1.6um pitch
metal3: 673 vertical tracks from 0um with 2um pitch
metal4: 426 vertical tracks from -3.2um with 3.2um pitch
Summary: Total components = 46556
  Fill cells  = 45004
  Other cells = 1552
Done with place2def.tcl
Running addspacers to generate power stripes and align cell right edge
addspacers.tcl  -stripe 5.0 150.0 PG nibble_mem  /usr/share/qflow/tech/osu035/osu035_stdcells.lef FILL
Reading FILL macros from LEF file.
Reading DEF file nibble_mem.def. . .
Number of rows is 67
Longest row has width 1352.8 um
addspacers:  Inserting 8 stripes of width 4.8 um (5.0 um requested)
  Pitch 148.8 um, offset 155.2 um
stretch:  Number of components is 48524
Analysis of DEF file:
Number of components = 46556
New number of components = 48524
Number of rows = 67
Adjusting obstructions for power striping
Done with addspacers.tcl
Running arrangepins to adjust pin positions for optimal routing.
arrangepins.tcl  nibble_mem
Reading info file nibble_mem.info. . .
Reading DEF file nibble_mem.def. . .
Recalculating pin positions
Writing DEF file nibble_mem_mod.def. . .
Done with arrangepins.tcl
blifanno.tcl /home/Amity/asic/first_chip/nibble_mem/synthesis/nibble_mem.blif nibble_mem.def /home/Amity/asic/first_chip/nibble_mem/synthesis/nibble_mem_anno.blif
Running blifanno.tcl
Reading DEF file nibble_mem.def. . .
Done with blifanno.tcl

Generating RTL verilog and SPICE netlist file in directory
   /home/Amity/asic/first_chip/nibble_mem/synthesis
Files:
   Verilog: /home/Amity/asic/first_chip/nibble_mem/synthesis/nibble_mem.rtl.v
   Verilog: /home/Amity/asic/first_chip/nibble_mem/synthesis/nibble_mem.rtlnopwr.v
   Verilog: /home/Amity/asic/first_chip/nibble_mem/synthesis/nibble_mem.rtlbb.v
   Spice:   /home/Amity/asic/first_chip/nibble_mem/synthesis/nibble_mem.spc

Running blif2Verilog.
Running blif2BSpice.
Placement script ended on Thu 01 Jan 2026 23:53:12 AEST
